\BOOKMARK [0][]{Contents.0}{\376\377\000T\000a\000b\000l\000e\000\040\000o\000f\000\040\000c\000o\000n\000t\000e\000n\000t\000s}{}% 1
\BOOKMARK [0][]{chapter.1}{\376\377\0001\000\040\000I\000n\000t\000r\000o\000d\000u\000c\000t\000i\000o\000n}{}% 2
\BOOKMARK [1][]{section.1.1}{\376\377\0001\000.\0001\000\040\000W\000h\000a\000t\000\040\000i\000s\000\040\000h\000e\000l\000i\000o\000s\000e\000i\000s\000m\000o\000l\000o\000g\000y\000?}{chapter.1}% 3
\BOOKMARK [1][]{section.1.2}{\376\377\0001\000.\0002\000\040\000O\000v\000e\000r\000v\000i\000e\000w}{chapter.1}% 4
\BOOKMARK [0][]{chapter.2}{\376\377\0002\000\040\000F\000o\000r\000m\000a\000l\000i\000s\000m}{}% 5
\BOOKMARK [1][]{section.2.1}{\376\377\0002\000.\0001\000\040\000S\000t\000a\000n\000d\000a\000r\000d\000\040\000M\000o\000d\000e\000l\000\040\000a\000n\000d\000\040\000F\000r\000e\000q\000u\000e\000n\000c\000y\000\040\000s\000p\000l\000i\000t\000t\000i\000n\000g\000s}{chapter.2}% 6
\BOOKMARK [2][]{subsection.2.1.1}{\376\377\0002\000.\0001\000.\0001\000\040\000B\000a\000c\000k\000g\000r\000o\000u\000n\000d\000\040\000e\000q\000u\000a\000t\000i\000o\000n\000\040\000o\000f\000\040\000m\000o\000t\000i\000o\000n}{section.2.1}% 7
\BOOKMARK [2][]{subsection.2.1.2}{\376\377\0002\000.\0001\000.\0002\000\040\000F\000o\000r\000m\000\040\000o\000f\000\040\000e\000i\000g\000e\000n\000f\000u\000n\000c\000t\000i\000o\000n}{section.2.1}% 8
\BOOKMARK [1][]{section.2.2}{\376\377\0002\000.\0002\000\040\000Q\000u\000a\000s\000i\000\040\000D\000e\000g\000e\000n\000e\000r\000a\000t\000e\000\040\000P\000e\000r\000t\000u\000r\000b\000a\000t\000i\000o\000n\000\040\000T\000h\000e\000o\000r\000y}{chapter.2}% 9
\BOOKMARK [1][]{section.2.3}{\376\377\0002\000.\0003\000\040\000R\000e\000p\000r\000e\000s\000e\000n\000t\000a\000t\000i\000o\000n\000\040\000o\000f\000\040\000S\000p\000l\000i\000t\000t\000i\000n\000g\000\040\000D\000a\000t\000a}{chapter.2}% 10
\BOOKMARK [0][]{chapter.3}{\376\377\0003\000\040\000T\000h\000e\000\040\000R\000o\000t\000a\000t\000i\000n\000g\000\040\000S\000u\000n}{}% 11
\BOOKMARK [1][]{section.3.1}{\376\377\0003\000.\0001\000\040\000D\000i\000f\000f\000e\000r\000e\000n\000t\000i\000a\000l\000\040\000R\000o\000t\000a\000t\000i\000o\000n}{chapter.3}% 12
\BOOKMARK [1][]{section.3.2}{\376\377\0003\000.\0002\000\040\000D\000e\000t\000e\000c\000t\000i\000o\000n\000\040\000f\000r\000o\000m\000\040\000f\000r\000e\000q\000u\000e\000n\000c\000y\000\040\000s\000p\000e\000c\000t\000r\000u\000m}{chapter.3}% 13
\BOOKMARK [2][]{subsection.3.2.1}{\376\377\0003\000.\0002\000.\0001\000\040\000Q\000D\000P\000T\000\040\000A\000n\000a\000l\000y\000s\000i\000s}{section.3.2}% 14
\BOOKMARK [2][]{subsection.3.2.2}{\376\377\0003\000.\0002\000.\0002\000\040\000S\000e\000l\000e\000c\000i\000t\000i\000o\000n\000\040\000r\000u\000l\000e\000s\000\040\000i\000n\000\040\000m\000o\000d\000e\000\040\000c\000o\000u\000p\000l\000i\000n\000g}{section.3.2}% 15
\BOOKMARK [0][]{chapter.4}{\376\377\0004\000\040\000I\000n\000t\000e\000r\000n\000a\000l\000\040\000M\000a\000g\000n\000e\000t\000i\000c\000\040\000F\000i\000e\000l\000d\000s}{}% 16
\BOOKMARK [1][]{section.4.1}{\376\377\0004\000.\0001\000\040\000S\000o\000l\000a\000r\000\040\000M\000a\000g\000n\000e\000t\000i\000c\000\040\000F\000i\000e\000l\000d}{chapter.4}% 17
\BOOKMARK [1][]{section.4.2}{\376\377\0004\000.\0002\000\040\000E\000q\000u\000a\000t\000i\000o\000n\000\040\000o\000f\000\040\000M\000o\000t\000i\000o\000n}{chapter.4}% 18
\BOOKMARK [1][]{section.4.3}{\376\377\0004\000.\0003\000\040\000C\000o\000u\000p\000l\000i\000n\000g\000\040\000M\000a\000t\000r\000i\000x}{chapter.4}% 19
\BOOKMARK [2][]{subsection.4.3.1}{\376\377\0004\000.\0003\000.\0001\000\040\000L\000o\000r\000e\000n\000t\000z\000\040\000S\000t\000r\000e\000s\000s\000\040\000c\000o\000m\000p\000o\000n\000e\000n\000t\000s}{section.4.3}% 20
\BOOKMARK [2][]{subsection.4.3.2}{\376\377\0004\000.\0003\000.\0002\000\040\000S\000e\000n\000s\000i\000t\000i\000v\000i\000t\000y\000\040\000K\000e\000r\000n\000e\000l\000s}{section.4.3}% 21
\BOOKMARK [1][]{section.4.4}{\376\377\0004\000.\0004\000\040\000S\000y\000n\000t\000h\000e\000t\000i\000c\000\040\000M\000a\000g\000n\000e\000t\000i\000c\000\040\000F\000i\000e\000l\000d}{chapter.4}% 22
\BOOKMARK [2][]{subsection.4.4.1}{\376\377\0004\000.\0004\000.\0001\000\040\000C\000o\000n\000s\000t\000r\000u\000c\000t\000i\000o\000n\000\040\000o\000f\000\040\000B}{section.4.4}% 23
\BOOKMARK [2][]{subsection.4.4.2}{\376\377\0004\000.\0004\000.\0002\000\040\000C\000o\000n\000s\000t\000r\000u\000c\000t\000i\000o\000n\000\040\000o\000f\000\040\000H}{section.4.4}% 24
\BOOKMARK [0][]{chapter.5}{\376\377\0005\000\040\000R\000e\000s\000u\000l\000t\000s}{}% 25
\BOOKMARK [1][]{section.5.1}{\376\377\0005\000.\0001\000\040\000F\000r\000e\000q\000u\000e\000n\000c\000y\000\040\000S\000p\000l\000i\000t\000t\000i\000n\000g\000s\000\040\000d\000u\000e\000\040\000t\000o\000\040\000D\000i\000f\000f\000e\000r\000e\000n\000t\000i\000a\000l\000\040\000R\000o\000t\000a\000t\000i\000o\000n}{chapter.5}% 26
\BOOKMARK [2][]{subsection.5.1.1}{\376\377\0005\000.\0001\000.\0001\000\040\000S\000p\000l\000i\000t\000t\000i\000n\000g\000\040\000w\000i\000t\000h\000\040\000p\000u\000r\000e\000\040\000r\000o\000t\000a\000t\000i\000o\000n}{section.5.1}% 27
\BOOKMARK [2][]{subsection.5.1.2}{\376\377\0005\000.\0001\000.\0002\000\040\000S\000p\000l\000i\000t\000t\000i\000n\000g\000\040\000w\000i\000t\000h\000\040\000p\000u\000r\000e\000\040\000r\000o\000t\000a\000t\000i\000o\000n\000\040\000r\000e\000m\000o\000v\000e\000d}{section.5.1}% 28
\BOOKMARK [1][]{section.5.2}{\376\377\0005\000.\0002\000\040\000S\000p\000l\000i\000t\000t\000i\000n\000g\000s\000\040\000d\000u\000e\000\040\000t\000o\000\040\000L\000o\000r\000e\000n\000t\000z\000\040\000S\000t\000r\000e\000s\000s\000e\000s}{chapter.5}% 29
\BOOKMARK [2][]{subsection.5.2.1}{\376\377\0005\000.\0002\000.\0001\000\040\000D\000e\000t\000e\000c\000t\000i\000b\000i\000l\000i\000t\000y}{section.5.2}% 30
\BOOKMARK [1][]{section.5.3}{\376\377\0005\000.\0003\000\040\000C\000o\000n\000c\000l\000u\000s\000i\000o\000n}{chapter.5}% 31
\BOOKMARK [0][]{chapter*.20}{\376\377\000R\000e\000f\000e\000r\000e\000n\000c\000e\000s}{}% 32
\BOOKMARK [0][]{Appendix.a.A}{\376\377\000A\000p\000p\000e\000n\000d\000i\000x\000\040\000A\000\040\000G\000e\000n\000e\000r\000a\000l\000i\000s\000e\000d\000\040\000S\000p\000h\000e\000r\000i\000c\000a\000l\000\040\000H\000a\000r\000m\000o\000n\000i\000c\000s\000\040\000F\000o\000r\000m\000a\000l\000i\000s\000m}{}% 33
\BOOKMARK [1][]{section.a.A.1}{\376\377\000A\000.\0001\000\040\000F\000o\000r\000m\000a\000l\000i\000s\000m}{Appendix.a.A}% 34
\BOOKMARK [1][]{section.a.A.2}{\376\377\000A\000.\0002\000\040\000C\000o\000n\000v\000e\000n\000t\000i\000o\000n\000s}{Appendix.a.A}% 35
\BOOKMARK [1][]{section.a.A.3}{\376\377\000A\000.\0003\000\040\000S\000p\000h\000e\000r\000i\000c\000a\000l\000\040\000t\000r\000i\000p\000l\000e\000\040\000i\000n\000t\000e\000g\000r\000a\000l}{Appendix.a.A}% 36
\BOOKMARK [1][]{section.a.A.4}{\376\377\000A\000.\0004\000\040\000R\000o\000t\000a\000t\000i\000o\000n}{Appendix.a.A}% 37
